<html>
<body>
<pre>
<h1>Vision Build Log</h1>
<h2>Project:</h2>
D:\study\课程\pir\pir.uvproj
Project File Date:  10/24/2019

<h2>Output:</h2>
Build target '目标 1'
assembling pirtest.asm...
linking...
Program Size: data=8.0 xdata=0 code=299
"pir" - 0 Error(s), 0 Warning(s).
Build target '目标 1'
assembling pirtest.asm...
linking...
Program Size: data=8.0 xdata=0 code=299
"pir" - 0 Error(s), 0 Warning(s).
Build target '目标 1'
assembling pirtest.asm...
linking...
Program Size: data=8.0 xdata=0 code=299
"pir" - 0 Error(s), 0 Warning(s).
Build target '目标 1'
assembling pirtest.asm...
linking...
Program Size: data=8.0 xdata=0 code=299
"pir" - 0 Error(s), 0 Warning(s).
Build target '目标 1'
assembling pirtest.asm...
linking...
Program Size: data=8.0 xdata=0 code=299
"pir" - 0 Error(s), 0 Warning(s).
Build target '目标 1'
assembling pirtest.asm...
linking...
Program Size: data=8.0 xdata=0 code=299
"pir" - 0 Error(s), 0 Warning(s).
Build target '目标 1'
assembling pirtest.asm...
linking...
Program Size: data=8.0 xdata=0 code=299
"pir" - 0 Error(s), 0 Warning(s).
Build target '目标 1'
assembling pirtest.asm...
linking...
Program Size: data=8.0 xdata=0 code=300
"pir" - 0 Error(s), 0 Warning(s).
Build target '目标 1'
assembling pirtest.asm...
pirtest.asm(57): error A45: UNDEFINED SYMBOL (PASS-2)
目标未创建
Build target '目标 1'
assembling pirtest.asm...
linking...
Program Size: data=8.0 xdata=0 code=299
"pir" - 0 Error(s), 0 Warning(s).
Build target '目标 1'
assembling pirtest.asm...
linking...
Program Size: data=8.0 xdata=0 code=299
"pir" - 0 Error(s), 0 Warning(s).
Build target '目标 1'
assembling pirtest.asm...
linking...
Program Size: data=8.0 xdata=0 code=299
"pir" - 0 Error(s), 0 Warning(s).
Build target '目标 1'
assembling pirtest.asm...
linking...
Program Size: data=8.0 xdata=0 code=299
"pir" - 0 Error(s), 0 Warning(s).
Build target '目标 1'
assembling pirtest.asm...
pirtest.asm(88): error A45: UNDEFINED SYMBOL (PASS-2)
目标未创建
Build target '目标 1'
assembling pirtest.asm...
linking...
Program Size: data=8.0 xdata=0 code=258
"pir" - 0 Error(s), 0 Warning(s).
Build target '目标 1'
assembling pirtest.asm...
linking...
Program Size: data=8.0 xdata=0 code=252
"pir" - 0 Error(s), 0 Warning(s).
Build target '目标 1'
assembling pirtest.asm...
linking...
Program Size: data=8.0 xdata=0 code=252
"pir" - 0 Error(s), 0 Warning(s).
Build target '目标 1'
assembling pirtest.asm...
linking...
Program Size: data=8.0 xdata=0 code=252
"pir" - 0 Error(s), 0 Warning(s).
Build target '目标 1'
assembling pirtest.asm...
linking...
Program Size: data=8.0 xdata=0 code=252
"pir" - 0 Error(s), 0 Warning(s).
Build target '目标 1'
assembling pirtest.asm...
pirtest.asm(14): error A45: UNDEFINED SYMBOL (PASS-2)
目标未创建
Build target '目标 1'
assembling pirtest.asm...
linking...
Program Size: data=8.0 xdata=0 code=255
"pir" - 0 Error(s), 0 Warning(s).
Build target '目标 1'
assembling pirtest.asm...
linking...
Program Size: data=8.0 xdata=0 code=255
"pir" - 0 Error(s), 0 Warning(s).
Build target '目标 1'
assembling pirtest.asm...
linking...
Program Size: data=8.0 xdata=0 code=253
"pir" - 0 Error(s), 0 Warning(s).
Build target '目标 1'
assembling pirtest.asm...
pirtest.asm(82): error A45: UNDEFINED SYMBOL (PASS-2)
pirtest.asm(85): error A45: UNDEFINED SYMBOL (PASS-2)
pirtest.asm(90): error A9: SYNTAX ERROR
目标未创建
Build target '目标 1'
assembling pirtest.asm...
linking...
Program Size: data=8.0 xdata=0 code=284
"pir" - 0 Error(s), 0 Warning(s).
Build target '目标 1'
assembling pirtest.asm...
linking...
Program Size: data=8.0 xdata=0 code=284
"pir" - 0 Error(s), 0 Warning(s).
Build target '目标 1'
assembling pirtest.asm...
linking...
Program Size: data=8.0 xdata=0 code=284
"pir" - 0 Error(s), 0 Warning(s).
Build target '目标 1'
assembling pirtest.asm...
linking...
Program Size: data=8.0 xdata=0 code=284
"pir" - 0 Error(s), 0 Warning(s).
Build target '目标 1'
assembling pirtest.asm...
linking...
Program Size: data=8.0 xdata=0 code=278
"pir" - 0 Error(s), 0 Warning(s).
Build target '目标 1'
assembling pirtest.asm...
linking...
Program Size: data=8.0 xdata=0 code=272
"pir" - 0 Error(s), 0 Warning(s).
Build target '目标 1'
assembling pirtest.asm...
linking...
Program Size: data=8.0 xdata=0 code=272
"pir" - 0 Error(s), 0 Warning(s).
Build target '目标 1'
assembling pirtest.asm...
pirtest.asm(43): error A22: EXPRESSION TYPE DOES NOT MATCH INSTRUCTION
目标未创建
Build target '目标 1'
assembling pirtest.asm...
linking...
Program Size: data=8.0 xdata=0 code=276
"pir" - 0 Error(s), 0 Warning(s).
Build target '目标 1'
assembling pirtest.asm...
linking...
Program Size: data=8.0 xdata=0 code=302
"pir" - 0 Error(s), 0 Warning(s).
Build target '目标 1'
assembling pirtest.asm...
linking...
Program Size: data=8.0 xdata=0 code=304
"pir" - 0 Error(s), 0 Warning(s).
Build target '目标 1'
assembling pirtest.asm...
linking...
Program Size: data=8.0 xdata=0 code=304
"pir" - 0 Error(s), 0 Warning(s).
Build target '目标 1'
assembling pirtest.asm...
linking...
Program Size: data=8.0 xdata=0 code=304
"pir" - 0 Error(s), 0 Warning(s).
Build target '目标 1'
assembling pirtest.asm...
linking...
Program Size: data=8.0 xdata=0 code=304
"pir" - 0 Error(s), 0 Warning(s).
Build target '目标 1'
assembling pirtest.asm...
linking...
Program Size: data=8.0 xdata=0 code=301
"pir" - 0 Error(s), 0 Warning(s).
Build target '目标 1'
assembling pirtest.asm...
linking...
Program Size: data=8.0 xdata=0 code=301
"pir" - 0 Error(s), 0 Warning(s).
Build target '目标 1'
assembling pirtest.asm...
linking...
Program Size: data=8.0 xdata=0 code=301
"pir" - 0 Error(s), 0 Warning(s).
Build target '目标 1'
assembling pirtest.asm...
linking...
Program Size: data=8.0 xdata=0 code=301
"pir" - 0 Error(s), 0 Warning(s).
Build target '目标 1'
assembling pirtest.asm...
linking...
Program Size: data=8.0 xdata=0 code=301
"pir" - 0 Error(s), 0 Warning(s).
Build target '目标 1'
assembling pirtest.asm...
linking...
Program Size: data=8.0 xdata=0 code=304
"pir" - 0 Error(s), 0 Warning(s).
Build target '目标 1'
assembling pirtest.asm...
linking...
Program Size: data=8.0 xdata=0 code=304
"pir" - 0 Error(s), 0 Warning(s).
Build target '目标 1'
assembling pirtest.asm...
linking...
Program Size: data=8.0 xdata=0 code=304
"pir" - 0 Error(s), 0 Warning(s).
Build target '目标 1'
assembling pirtest.asm...
linking...
Program Size: data=8.0 xdata=0 code=305
"pir" - 0 Error(s), 0 Warning(s).
Build target '目标 1'
assembling pirtest.asm...
linking...
Program Size: data=8.0 xdata=0 code=302
"pir" - 0 Error(s), 0 Warning(s).
Build target '目标 1'
assembling pirtest.asm...
linking...
Program Size: data=8.0 xdata=0 code=302
"pir" - 0 Error(s), 0 Warning(s).
